<?xml version="1.0" encoding="UTF-8"?>
<!-- Generated by org.testng.reporters.JUnitXMLReporter -->
<testsuite hostname="Zugera-PC" name="02_AdminPageCountyRegistration" tests="2" failures="0" timestamp="6 Mar 2017 04:58:32 GMT" time="43.922" errors="0">
  <testcase name="countyRegistrationTest" time="6.384" classname="testclasses.AdminPageCountyRegistrationTest"/>
  <testcase name="countyAddWhichAlreadyExistsTest" time="4.16" classname="testclasses.AdminPageCountyRegistrationTest"/>
</testsuite> <!-- 02_AdminPageCountyRegistration -->
