<?xml version="1.0" encoding="UTF-8"?>
<!-- Generated by org.testng.reporters.JUnitXMLReporter -->
<testsuite hostname="Zugera-PC" name="AdminPageOperations" tests="4" failures="0" timestamp="5 Mar 2017 20:48:50 GMT" time="11.511" errors="0">
  <testcase name="@BeforeMethod openHomePage" time="0.0" classname="testclasses.AdminPageLoginTest">
    <failure type="java.lang.NullPointerException">
      <![CDATA[java.lang.NullPointerException
	at com.google.common.base.Preconditions.checkNotNull(Preconditions.java:212)
	at org.openqa.selenium.support.ui.FluentWait.<init>(FluentWait.java:102)
	at org.openqa.selenium.support.ui.WebDriverWait.<init>(WebDriverWait.java:71)
	at org.openqa.selenium.support.ui.WebDriverWait.<init>(WebDriverWait.java:45)
	at pageobjects.main.PageObject.checkIsLoaded(PageObject.java:68)
	at testclasses.AdminPageLoginTest.openHomePage(AdminPageLoginTest.java:21)
... Removed 26 stack frames]]>
    </failure>
  </testcase> <!-- @BeforeMethod openHomePage -->
  <testcase name="@BeforeMethod openHomePage" time="0.0" classname="testclasses.AdminPageLoginTest">
    <skipped/>
  </testcase> <!-- @BeforeMethod openHomePage -->
  <testcase name="loginAdminWithCorrectDataTest" time="0.005" classname="testclasses.AdminPageLoginTest">
    <skipped/>
  </testcase> <!-- loginAdminWithCorrectDataTest -->
  <testcase name="loginWithInvalidDataTest" time="0.021" classname="testclasses.AdminPageLoginTest">
    <skipped/>
  </testcase> <!-- loginWithInvalidDataTest -->
  <testcase name="countyRegistrationTest" time="3.406" classname="testclasses.AdminPageCountyRegistrationTest"/>
  <testcase name="countyAddWhichAlreadyExistsTest" time="2.259" classname="testclasses.AdminPageCountyRegistrationTest"/>
</testsuite> <!-- AdminPageOperations -->
