<?xml version="1.0" encoding="UTF-8"?>
<!-- Generated by org.testng.reporters.JUnitXMLReporter -->
<testsuite hostname="Zugera-PC" name="AdminPageLogin" tests="2" failures="0" timestamp="5 Mar 2017 21:15:12 GMT" time="0.364" errors="0">
  <testcase name="@BeforeMethod openHomePage" time="0.0" classname="testclasses.AdminPageLoginTest">
    <failure type="java.lang.NullPointerException">
      <![CDATA[java.lang.NullPointerException
	at com.google.common.base.Preconditions.checkNotNull(Preconditions.java:212)
	at org.openqa.selenium.support.ui.FluentWait.<init>(FluentWait.java:102)
	at org.openqa.selenium.support.ui.WebDriverWait.<init>(WebDriverWait.java:71)
	at org.openqa.selenium.support.ui.WebDriverWait.<init>(WebDriverWait.java:45)
	at pageobjects.main.PageObject.checkIsLoaded(PageObject.java:68)
	at testclasses.AdminPageLoginTest.openHomePage(AdminPageLoginTest.java:21)
... Removed 26 stack frames]]>
    </failure>
  </testcase> <!-- @BeforeMethod openHomePage -->
  <testcase name="@BeforeMethod openHomePage" time="0.0" classname="testclasses.AdminPageLoginTest">
    <skipped/>
  </testcase> <!-- @BeforeMethod openHomePage -->
  <testcase name="loginAdminWithCorrectDataTest" time="0.01" classname="testclasses.AdminPageLoginTest">
    <skipped/>
  </testcase> <!-- loginAdminWithCorrectDataTest -->
  <testcase name="loginWithInvalidDataTest" time="0.04" classname="testclasses.AdminPageLoginTest">
    <skipped/>
  </testcase> <!-- loginWithInvalidDataTest -->
</testsuite> <!-- AdminPageLogin -->
