<?xml version="1.0" encoding="UTF-8"?>
<!-- Generated by org.testng.reporters.JUnitXMLReporter -->
<testsuite hostname="Zugera-PC" name="AdminPageCountyRegistration" tests="2" failures="0" timestamp="5 Mar 2017 21:15:30 GMT" time="17.403" errors="0">
  <testcase name="countyRegistrationTest" time="5.354" classname="testclasses.AdminPageCountyRegistrationTest"/>
  <testcase name="countyAddWhichAlreadyExistsTest" time="4.665" classname="testclasses.AdminPageCountyRegistrationTest"/>
</testsuite> <!-- AdminPageCountyRegistration -->
