<?xml version="1.0" encoding="UTF-8"?>
<!-- Generated by org.testng.reporters.JUnitXMLReporter -->
<testsuite hostname="Zugera-PC" name="LoginToAdminPage" tests="2" failures="0" timestamp="3 Mar 2017 10:42:24 GMT" time="32.205" errors="0">
  <testcase name="countyRegistrationTest" time="4.232" classname="testclasses.AdminPageNewCountyRegistrationTest"/>
  <testcase name="countyAddWhichAlreadyExistsTest" time="2.246" classname="testclasses.AdminPageNewCountyRegistrationTest"/>
</testsuite> <!-- LoginToAdminPage -->
